<?xml version="1.0" encoding="UTF-8"?>
<!-- Generated by org.testng.reporters.JUnitReportReporter -->
<testsuite skipped="0" hostname="DESKTOP-6MVRPSK" name="Abc" tests="1" failures="0" timestamp="28 Dec 2019 08:44:28 GMT" time="11.753" errors="0">
  <testcase name="TC_1" time="11.753" classname="Abc"/>
</testsuite> <!-- Abc -->
