<?xml version="1.0" encoding="UTF-8"?>
<!-- Generated by org.testng.reporters.JUnitReportReporter -->
<testsuite skipped="0" hostname="DESKTOP-6MVRPSK" name="Abcd" tests="1" failures="0" timestamp="28 Dec 2019 08:29:43 GMT" time="5.784" errors="0">
  <testcase name="Tc_3" time="5.784" classname="Abcd"/>
</testsuite> <!-- Abcd -->
